<?xml version='1.0' encoding='UTF-8'?>
<testsuite hostname="Viktors-MacBook-Pro.local" name="homework1.FunctionsTest" tests="14" errors="0" failures="0" skipped="0" time="0.018" timestamp="2019-03-29T13:44:42">
                     <properties>
[...]
</properties>
                     <testcase classname="homework1.FunctionsTest" name="fromDigits should form a decimal number" time="0.014">
                                                 
                                               </testcase><testcase classname="homework1.FunctionsTest" name="fromDigits should form a hex number" time="0.001">
                                                 
                                               </testcase><testcase classname="homework1.FunctionsTest" name="fromDigits should form a binary number" time="0.0">
                                                 
                                               </testcase><testcase classname="homework1.FunctionsTest" name="fromDigits should be able to form a number with radix 35" time="0.001">
                                                 
                                               </testcase><testcase classname="homework1.FunctionsTest" name="parseInteger should parse a decimal number" time="0.0">
                                                 
                                               </testcase><testcase classname="homework1.FunctionsTest" name="parseInteger should parse a hex number" time="0.0">
                                                 
                                               </testcase><testcase classname="homework1.FunctionsTest" name="parseInteger should parse a binary number" time="0.0">
                                                 
                                               </testcase><testcase classname="homework1.FunctionsTest" name="parseInteger should not be affected by leading zeroes" time="0.0">
                                                 
                                               </testcase><testcase classname="homework1.FunctionsTest" name="zipMap should transform two lists" time="0.0">
                                                 
                                               </testcase><testcase classname="homework1.FunctionsTest" name="zipMap should be able to work with different length lists" time="0.0">
                                                 
                                               </testcase><testcase classname="homework1.FunctionsTest" name="countCoinChangeVariants should count the ways to give a change" time="0.001">
                                                 
                                               </testcase><testcase classname="homework1.FunctionsTest" name="countCoinChangeVariants should return 0 if the change is smaller than all the coins" time="0.0">
                                                 
                                               </testcase><testcase classname="homework1.FunctionsTest" name="bfsTraversal should give the traversed path" time="0.001">
                                                 
                                               </testcase><testcase classname="homework1.FunctionsTest" name="bfsTraversal should work when there is no path found" time="0.0">
                                                 
                                               </testcase>
                     <system-out><![CDATA[]]></system-out>
                     <system-err><![CDATA[]]></system-err>
                   </testsuite>